app/build/intermediates/manifest_merge_blame_file/chinaRelease/manifest-merger-blame-china-release-report.txt
1<?xml version="1.0" encoding="utf-8"?>
2<manifest xmlns:android="http://schemas.android.com/apk/res/android"
3    package="com.caij.puremusic"
4    android:versionCode="1020501"
5    android:versionName="1.2.5.1" >
6
7    <uses-sdk
8        android:minSdkVersion="21"
8-->src/main/AndroidManifest.xml
9        android:targetSdkVersion="32" />
9-->src/main/AndroidManifest.xml
10
11    <uses-permission android:name="com.android.vending.BILLING" />
11-->src/main/AndroidManifest.xml:5:5-67
11-->src/main/AndroidManifest.xml:5:22-64
12    <uses-permission
12-->src/main/AndroidManifest.xml:6:5-8:38
13        android:name="android.permission.BLUETOOTH"
13-->src/main/AndroidManifest.xml:7:9-52
14        android:maxSdkVersion="30" />
14-->src/main/AndroidManifest.xml:8:9-35
15    <uses-permission android:name="android.permission.DISABLE_KEYGUARD" />
15-->src/main/AndroidManifest.xml:9:5-75
15-->src/main/AndroidManifest.xml:9:22-72
16    <uses-permission android:name="android.permission.SCHEDULE_EXACT_ALARM" />
16-->src/main/AndroidManifest.xml:10:5-79
16-->src/main/AndroidManifest.xml:10:22-76
17    <uses-permission android:name="android.permission.VIBRATE" />
17-->src/main/AndroidManifest.xml:11:5-66
17-->src/main/AndroidManifest.xml:11:22-63
18    <uses-permission android:name="android.permission.WAKE_LOCK" />
18-->src/main/AndroidManifest.xml:12:5-68
18-->src/main/AndroidManifest.xml:12:22-65
19    <uses-permission android:name="android.permission.READ_EXTERNAL_STORAGE" />
19-->src/main/AndroidManifest.xml:13:5-80
19-->src/main/AndroidManifest.xml:13:22-77
20    <uses-permission
20-->src/main/AndroidManifest.xml:14:5-16:38
21        android:name="android.permission.WRITE_EXTERNAL_STORAGE"
21-->src/main/AndroidManifest.xml:15:9-65
22        android:maxSdkVersion="29" />
22-->src/main/AndroidManifest.xml:16:9-35
23    <uses-permission android:name="android.permission.INTERNET" />
23-->src/main/AndroidManifest.xml:17:5-67
23-->src/main/AndroidManifest.xml:17:22-64
24    <uses-permission android:name="android.permission.ACCESS_NETWORK_STATE" />
24-->src/main/AndroidManifest.xml:18:5-79
24-->src/main/AndroidManifest.xml:18:22-76
25    <uses-permission android:name="android.permission.BROADCAST_STICKY" />
25-->src/main/AndroidManifest.xml:19:5-75
25-->src/main/AndroidManifest.xml:19:22-72
26    <uses-permission android:name="android.permission.FOREGROUND_SERVICE" />
26-->src/main/AndroidManifest.xml:20:5-77
26-->src/main/AndroidManifest.xml:20:22-74
27    <uses-permission android:name="android.permission.WRITE_SETTINGS" />
27-->src/main/AndroidManifest.xml:21:5-23:47
27-->src/main/AndroidManifest.xml:22:9-57
28    <uses-permission android:name="android.permission.USE_FULL_SCREEN_INTENT" />
28-->src/main/AndroidManifest.xml:24:5-81
28-->src/main/AndroidManifest.xml:24:22-78
29    <uses-permission
29-->src/main/AndroidManifest.xml:25:5-28:31
30        android:name="android.permission.BLUETOOTH_CONNECT"
30-->src/main/AndroidManifest.xml:26:9-60
31        android:usesPermissionFlags="neverForLocation" />
31-->src/main/AndroidManifest.xml:27:9-55
32    <uses-permission android:name="android.permission.SYSTEM_ALERT_WINDOW" />
32-->src/main/AndroidManifest.xml:29:5-78
32-->src/main/AndroidManifest.xml:29:22-75
33
34    <queries>
34-->src/main/AndroidManifest.xml:31:5-38:15
35        <package android:name="com.tencent.minihd.qq" />
35-->src/main/AndroidManifest.xml:32:9-57
35-->src/main/AndroidManifest.xml:32:18-54
36        <package android:name="com.tencent.tim" />
36-->src/main/AndroidManifest.xml:33:9-51
36-->src/main/AndroidManifest.xml:33:18-48
37        <package android:name="com.tencent.qqlite" />
37-->src/main/AndroidManifest.xml:34:9-54
37-->src/main/AndroidManifest.xml:34:18-51
38        <package android:name="com.tencent.mobileqq" />
38-->src/main/AndroidManifest.xml:35:9-56
38-->src/main/AndroidManifest.xml:35:18-53
39        <package android:name="com.tencent.mm" />
39-->src/main/AndroidManifest.xml:36:9-50
39-->src/main/AndroidManifest.xml:36:18-47
40        <package android:name="com.eg.android.AlipayGphone" />
40-->src/main/AndroidManifest.xml:37:9-63
40-->src/main/AndroidManifest.xml:37:18-60
41        <!-- Query Camera Packages -->
42        <intent>
42-->[com.github.dhaval2404:imagepicker:2.1] AndroidManifest.xml:12:9-14:18
43            <action android:name="android.media.action.IMAGE_CAPTURE" />
43-->[com.github.dhaval2404:imagepicker:2.1] AndroidManifest.xml:13:13-73
43-->[com.github.dhaval2404:imagepicker:2.1] AndroidManifest.xml:13:21-70
44        </intent> <!-- Query Open Document -->
45        <intent>
45-->[com.github.dhaval2404:imagepicker:2.1] AndroidManifest.xml:16:9-18:18
46            <action android:name="android.intent.action.OPEN_DOCUMENT_TREE" />
46-->[com.github.dhaval2404:imagepicker:2.1] AndroidManifest.xml:17:13-79
46-->[com.github.dhaval2404:imagepicker:2.1] AndroidManifest.xml:17:21-76
47        </intent>
48        <intent>
48-->[androidx.media:media:1.4.1] AndroidManifest.xml:25:9-27:18
49            <action android:name="android.media.browse.MediaBrowserService" />
49-->src/main/AndroidManifest.xml:318:17-83
49-->src/main/AndroidManifest.xml:318:25-80
50        </intent>
51        <intent>
51-->[com.android.billingclient:billing:6.0.0] AndroidManifest.xml:13:9-15:18
52            <action android:name="com.android.vending.billing.InAppBillingService.BIND" />
52-->[com.android.billingclient:billing:6.0.0] AndroidManifest.xml:14:13-91
52-->[com.android.billingclient:billing:6.0.0] AndroidManifest.xml:14:21-88
53        </intent>
54        <intent> <!-- H5 支持手淘登录 -->
54-->[com.alipay.sdk:alipaysdk-android:15.8.10] AndroidManifest.xml:10:9-14:18
55            <action android:name="*" />
55-->[com.alipay.sdk:alipaysdk-android:15.8.10] AndroidManifest.xml:11:13-40
55-->[com.alipay.sdk:alipaysdk-android:15.8.10] AndroidManifest.xml:11:21-37
56
57            <data android:scheme="tbopen" />
57-->src/main/AndroidManifest.xml:86:17-50
57-->src/main/AndroidManifest.xml:86:23-47
58        </intent> <!-- 支付宝 app -->
59        <package android:name="com.eg.android.AlipayGphoneRC" /> <!-- 沙箱支付宝 app -->
59-->[com.alipay.sdk:alipaysdk-android:15.8.10] AndroidManifest.xml:17:9-65
59-->[com.alipay.sdk:alipaysdk-android:15.8.10] AndroidManifest.xml:17:18-62
60        <package android:name="hk.alipay.wallet" />
60-->[com.alipay.sdk:alipaysdk-android:15.8.10] AndroidManifest.xml:18:9-52
60-->[com.alipay.sdk:alipaysdk-android:15.8.10] AndroidManifest.xml:18:18-49
61    </queries>
62    <!--
63    This is not that important, it's just here so that we can query equalizer package
64    and check if it's present on A11+ because of Package visibility restrictions.
65    -->
66    <queries>
66-->src/main/AndroidManifest.xml:31:5-38:15
67        <package android:name="com.android.musicfx" />
67-->src/main/AndroidManifest.xml:44:9-55
67-->src/main/AndroidManifest.xml:44:18-52
68    </queries>
69
70    <!--
71    This is not that important, it's just here so that we can query equalizer package
72    and check if it's present on A11+ because of Package visibility restrictions.
73    -->
74    <queries>
74-->src/main/AndroidManifest.xml:31:5-38:15
75        <package android:name="com.android.musicfx" />
75-->src/main/AndroidManifest.xml:44:9-55
75-->src/main/AndroidManifest.xml:44:18-52
76    </queries>
77
78    <permission
78-->[androidx.core:core:1.9.0] AndroidManifest.xml:22:5-24:47
79        android:name="com.caij.puremusic.DYNAMIC_RECEIVER_NOT_EXPORTED_PERMISSION"
79-->[androidx.core:core:1.9.0] AndroidManifest.xml:23:9-81
80        android:protectionLevel="signature" />
80-->[androidx.core:core:1.9.0] AndroidManifest.xml:24:9-44
81
82    <uses-permission android:name="com.caij.puremusic.DYNAMIC_RECEIVER_NOT_EXPORTED_PERMISSION" />
82-->[androidx.core:core:1.9.0] AndroidManifest.xml:26:5-97
82-->[androidx.core:core:1.9.0] AndroidManifest.xml:26:22-94
83
84    <supports-screens
84-->[com.alipay.sdk:alipaysdk-android:15.8.10] AndroidManifest.xml:21:5-26:39
85        android:anyDensity="true"
85-->[com.alipay.sdk:alipaysdk-android:15.8.10] AndroidManifest.xml:22:9-34
86        android:largeScreens="true"
86-->[com.alipay.sdk:alipaysdk-android:15.8.10] AndroidManifest.xml:23:9-36
87        android:normalScreens="true"
87-->[com.alipay.sdk:alipaysdk-android:15.8.10] AndroidManifest.xml:24:9-37
88        android:resizeable="true"
88-->[com.alipay.sdk:alipaysdk-android:15.8.10] AndroidManifest.xml:25:9-34
89        android:smallScreens="true" />
89-->[com.alipay.sdk:alipaysdk-android:15.8.10] AndroidManifest.xml:26:9-36
90
91    <uses-permission android:name="android.permission.ACCESS_WIFI_STATE" />
91-->[com.alipay.sdk:alipaysdk-android:15.8.10] AndroidManifest.xml:30:5-76
91-->[com.alipay.sdk:alipaysdk-android:15.8.10] AndroidManifest.xml:30:22-73
92
93    <application
94        android:name="com.caij.puremusic.App"
94-->src/main/AndroidManifest.xml:48:9-28
95        android:allowBackup="@bool/allowBackup"
95-->src/main/AndroidManifest.xml:49:9-48
96        android:appComponentFactory="androidx.core.app.CoreComponentFactory"
96-->[androidx.core:core:1.9.0] AndroidManifest.xml:28:18-86
97        android:configChanges="locale|layoutDirection"
97-->src/main/AndroidManifest.xml:50:9-55
98        android:icon="@mipmap/ic_launcher2"
98-->src/main/AndroidManifest.xml:51:9-44
99        android:label="@string/app_name"
99-->src/main/AndroidManifest.xml:52:9-36
100        android:largeHeap="true"
100-->src/main/AndroidManifest.xml:60:9-33
101        android:requestLegacyExternalStorage="true"
101-->src/main/AndroidManifest.xml:53:9-52
102        android:restoreAnyVersion="true"
102-->src/main/AndroidManifest.xml:54:9-41
103        android:roundIcon="@mipmap/ic_launcher2_round"
103-->src/main/AndroidManifest.xml:55:9-55
104        android:supportsRtl="true"
104-->src/main/AndroidManifest.xml:56:9-35
105        android:theme="@style/Theme.RetroMusic.FollowSystem"
105-->src/main/AndroidManifest.xml:57:9-61
106        android:usesCleartextTraffic="true" >
106-->src/main/AndroidManifest.xml:58:9-44
107        <activity
107-->src/main/AndroidManifest.xml:63:9-137:20
108            android:name="com.caij.puremusic.activities.MainActivity"
108-->src/main/AndroidManifest.xml:64:13-52
109            android:exported="true"
109-->src/main/AndroidManifest.xml:65:13-36
110            android:launchMode="singleTop"
110-->src/main/AndroidManifest.xml:66:13-43
111            android:theme="@style/Theme.RetroMusic.SplashScreen" >
111-->src/main/AndroidManifest.xml:67:13-65
112            <intent-filter>
112-->src/main/AndroidManifest.xml:68:13-75:29
113                <action android:name="android.intent.action.MAIN" />
113-->src/main/AndroidManifest.xml:69:17-69
113-->src/main/AndroidManifest.xml:69:25-66
114                <action android:name="android.intent.action.MUSIC_PLAYER" />
114-->src/main/AndroidManifest.xml:70:17-77
114-->src/main/AndroidManifest.xml:70:25-74
115
116                <category android:name="android.intent.category.LAUNCHER" />
116-->src/main/AndroidManifest.xml:72:17-77
116-->src/main/AndroidManifest.xml:72:27-74
117                <category android:name="android.intent.category.APP_MUSIC" />
117-->src/main/AndroidManifest.xml:73:17-78
117-->src/main/AndroidManifest.xml:73:27-75
118                <category android:name="android.intent.category.DEFAULT" />
118-->src/main/AndroidManifest.xml:74:17-76
118-->src/main/AndroidManifest.xml:74:27-73
119            </intent-filter>
120            <intent-filter>
120-->src/main/AndroidManifest.xml:76:13-80:29
121                <action android:name="android.media.action.MEDIA_PLAY_FROM_SEARCH" />
121-->src/main/AndroidManifest.xml:77:17-86
121-->src/main/AndroidManifest.xml:77:25-83
122
123                <category android:name="android.intent.category.DEFAULT" />
123-->src/main/AndroidManifest.xml:74:17-76
123-->src/main/AndroidManifest.xml:74:27-73
124            </intent-filter>
125            <intent-filter>
125-->src/main/AndroidManifest.xml:81:13-91:29
126                <action android:name="android.intent.action.VIEW" />
126-->src/main/AndroidManifest.xml:82:17-69
126-->src/main/AndroidManifest.xml:82:25-66
127
128                <category android:name="android.intent.category.DEFAULT" />
128-->src/main/AndroidManifest.xml:74:17-76
128-->src/main/AndroidManifest.xml:74:27-73
129
130                <data android:scheme="content" />
130-->src/main/AndroidManifest.xml:86:17-50
130-->src/main/AndroidManifest.xml:86:23-47
131                <data android:mimeType="audio/*" />
131-->src/main/AndroidManifest.xml:86:17-50
131-->src/main/AndroidManifest.xml:87:23-49
132                <data android:mimeType="application/ogg" />
132-->src/main/AndroidManifest.xml:86:17-50
132-->src/main/AndroidManifest.xml:87:23-49
133                <data android:mimeType="application/x-ogg" />
133-->src/main/AndroidManifest.xml:86:17-50
133-->src/main/AndroidManifest.xml:87:23-49
134                <data android:mimeType="application/itunes" />
134-->src/main/AndroidManifest.xml:86:17-50
134-->src/main/AndroidManifest.xml:87:23-49
135            </intent-filter>
136            <intent-filter>
136-->src/main/AndroidManifest.xml:92:13-102:29
137                <action android:name="android.intent.action.VIEW" />
137-->src/main/AndroidManifest.xml:82:17-69
137-->src/main/AndroidManifest.xml:82:25-66
138
139                <category android:name="android.intent.category.DEFAULT" />
139-->src/main/AndroidManifest.xml:74:17-76
139-->src/main/AndroidManifest.xml:74:27-73
140
141                <data android:scheme="file" />
141-->src/main/AndroidManifest.xml:86:17-50
141-->src/main/AndroidManifest.xml:86:23-47
142                <data android:mimeType="audio/*" />
142-->src/main/AndroidManifest.xml:86:17-50
142-->src/main/AndroidManifest.xml:87:23-49
143                <data android:mimeType="application/ogg" />
143-->src/main/AndroidManifest.xml:86:17-50
143-->src/main/AndroidManifest.xml:87:23-49
144                <data android:mimeType="application/x-ogg" />
144-->src/main/AndroidManifest.xml:86:17-50
144-->src/main/AndroidManifest.xml:87:23-49
145                <data android:mimeType="application/itunes" />
145-->src/main/AndroidManifest.xml:86:17-50
145-->src/main/AndroidManifest.xml:87:23-49
146            </intent-filter>
147            <intent-filter>
147-->src/main/AndroidManifest.xml:103:13-114:29
148                <action android:name="android.intent.action.VIEW" />
148-->src/main/AndroidManifest.xml:82:17-69
148-->src/main/AndroidManifest.xml:82:25-66
149
150                <category android:name="android.intent.category.DEFAULT" />
150-->src/main/AndroidManifest.xml:74:17-76
150-->src/main/AndroidManifest.xml:74:27-73
151                <category android:name="android.intent.category.BROWSABLE" />
151-->src/main/AndroidManifest.xml:107:17-78
151-->src/main/AndroidManifest.xml:107:27-75
152
153                <data android:scheme="http" />
153-->src/main/AndroidManifest.xml:86:17-50
153-->src/main/AndroidManifest.xml:86:23-47
154                <data android:mimeType="audio/*" />
154-->src/main/AndroidManifest.xml:86:17-50
154-->src/main/AndroidManifest.xml:87:23-49
155                <data android:mimeType="application/ogg" />
155-->src/main/AndroidManifest.xml:86:17-50
155-->src/main/AndroidManifest.xml:87:23-49
156                <data android:mimeType="application/x-ogg" />
156-->src/main/AndroidManifest.xml:86:17-50
156-->src/main/AndroidManifest.xml:87:23-49
157                <data android:mimeType="application/itunes" />
157-->src/main/AndroidManifest.xml:86:17-50
157-->src/main/AndroidManifest.xml:87:23-49
158            </intent-filter>
159            <intent-filter>
159-->src/main/AndroidManifest.xml:115:13-123:29
160                <action android:name="android.intent.action.VIEW" />
160-->src/main/AndroidManifest.xml:82:17-69
160-->src/main/AndroidManifest.xml:82:25-66
161
162                <category android:name="android.intent.category.DEFAULT" />
162-->src/main/AndroidManifest.xml:74:17-76
162-->src/main/AndroidManifest.xml:74:27-73
163
164                <data android:mimeType="vnd.android.cursor.dir/playlist" />
164-->src/main/AndroidManifest.xml:86:17-50
164-->src/main/AndroidManifest.xml:87:23-49
165                <data android:mimeType="vnd.android.cursor.dir/albums" />
165-->src/main/AndroidManifest.xml:86:17-50
165-->src/main/AndroidManifest.xml:87:23-49
166                <data android:mimeType="vnd.android.cursor.dir/artists" />
166-->src/main/AndroidManifest.xml:86:17-50
166-->src/main/AndroidManifest.xml:87:23-49
167            </intent-filter>
168            <intent-filter>
168-->src/main/AndroidManifest.xml:124:13-128:29
169                <action android:name="com.cyanogenmod.eleven.AUDIO_PLAYER" />
169-->src/main/AndroidManifest.xml:125:17-78
169-->src/main/AndroidManifest.xml:125:25-75
170
171                <category android:name="android.intent.category.DEFAULT" />
171-->src/main/AndroidManifest.xml:74:17-76
171-->src/main/AndroidManifest.xml:74:27-73
172            </intent-filter>
173            <intent-filter>
173-->src/main/AndroidManifest.xml:129:13-136:29
174                <action android:name="android.intent.action.PICK" />
174-->src/main/AndroidManifest.xml:130:17-69
174-->src/main/AndroidManifest.xml:130:25-66
175
176                <category android:name="android.intent.category.DEFAULT" />
176-->src/main/AndroidManifest.xml:74:17-76
176-->src/main/AndroidManifest.xml:74:27-73
177                <category android:name="android.intent.category.OPENABLE" />
177-->src/main/AndroidManifest.xml:133:17-77
177-->src/main/AndroidManifest.xml:133:27-74
178
179                <data android:mimeType="vnd.android.cursor.dir/audio" />
179-->src/main/AndroidManifest.xml:86:17-50
179-->src/main/AndroidManifest.xml:87:23-49
180            </intent-filter>
181        </activity>
182        <activity android:name="com.caij.puremusic.activities.HolderActivity" />
182-->src/main/AndroidManifest.xml:138:9-63
182-->src/main/AndroidManifest.xml:138:19-60
183        <activity android:name="com.caij.puremusic.activities.SettingActivity" />
183-->src/main/AndroidManifest.xml:139:9-64
183-->src/main/AndroidManifest.xml:139:19-61
184        <activity android:name="com.caij.puremusic.activities.tageditor.AlbumTagEditorActivity" />
184-->src/main/AndroidManifest.xml:140:9-81
184-->src/main/AndroidManifest.xml:140:19-78
185        <activity android:name="com.caij.puremusic.activities.tageditor.AlbumTagEditorActivityV2" />
185-->src/main/AndroidManifest.xml:141:9-83
185-->src/main/AndroidManifest.xml:141:19-80
186        <activity android:name="com.caij.puremusic.activities.tageditor.SongTagEditorActivity" />
186-->src/main/AndroidManifest.xml:142:9-80
186-->src/main/AndroidManifest.xml:142:19-77
187        <activity android:name="com.caij.puremusic.activities.tageditor.SongTagEditorActivityV2" />
187-->src/main/AndroidManifest.xml:143:9-82
187-->src/main/AndroidManifest.xml:143:19-79
188        <activity android:name="com.caij.puremusic.activities.SupportDevelopmentActivity" />
188-->src/main/AndroidManifest.xml:144:9-75
188-->src/main/AndroidManifest.xml:144:19-72
189        <activity android:name="com.caij.puremusic.activities.LicenseActivity" />
189-->src/main/AndroidManifest.xml:145:9-64
189-->src/main/AndroidManifest.xml:145:19-61
190        <activity android:name="com.caij.puremusic.activities.bugreport.BugReportActivity" />
190-->src/main/AndroidManifest.xml:146:9-76
190-->src/main/AndroidManifest.xml:146:19-73
191        <activity android:name="com.caij.puremusic.activities.ShareInstagramStory" />
191-->src/main/AndroidManifest.xml:147:9-68
191-->src/main/AndroidManifest.xml:147:19-65
192        <activity android:name="com.caij.puremusic.activities.DriveModeActivity" />
192-->src/main/AndroidManifest.xml:148:9-66
192-->src/main/AndroidManifest.xml:148:19-63
193        <activity android:name="com.caij.puremusic.activities.PermissionActivity" />
193-->src/main/AndroidManifest.xml:149:9-67
193-->src/main/AndroidManifest.xml:149:19-64
194        <activity android:name="com.caij.puremusic.activities.WebActivity" />
194-->src/main/AndroidManifest.xml:150:9-60
194-->src/main/AndroidManifest.xml:150:19-57
195        <activity android:name="com.caij.puremusic.activities.FolderManagerActivity" />
195-->src/main/AndroidManifest.xml:151:9-70
195-->src/main/AndroidManifest.xml:151:19-67
196        <activity android:name="com.caij.puremusic.activities.FolderFilesActivity" />
196-->src/main/AndroidManifest.xml:152:9-68
196-->src/main/AndroidManifest.xml:152:19-65
197        <activity android:name="com.caij.puremusic.drive.adrive.Auth20Activity" />
197-->src/main/AndroidManifest.xml:153:9-65
197-->src/main/AndroidManifest.xml:153:19-62
198        <activity android:name="com.caij.puremusic.drive.dropbox.DropBoxAuthActivity" />
198-->src/main/AndroidManifest.xml:154:9-71
198-->src/main/AndroidManifest.xml:154:19-68
199        <activity
199-->src/main/AndroidManifest.xml:155:9-168:20
200            android:name="com.caij.puremusic.drive.dropbox.DropBoxAuthActivity2"
200-->src/main/AndroidManifest.xml:156:13-63
201            android:exported="true" >
201-->src/main/AndroidManifest.xml:157:13-36
202            <intent-filter>
202-->src/main/AndroidManifest.xml:158:13-167:29
203                <action android:name="android.intent.action.VIEW" />
203-->src/main/AndroidManifest.xml:82:17-69
203-->src/main/AndroidManifest.xml:82:25-66
204
205                <category android:name="android.intent.category.DEFAULT" />
205-->src/main/AndroidManifest.xml:74:17-76
205-->src/main/AndroidManifest.xml:74:27-73
206                <category android:name="android.intent.category.BROWSABLE" />
206-->src/main/AndroidManifest.xml:107:17-78
206-->src/main/AndroidManifest.xml:107:27-75
207
208                <data
208-->src/main/AndroidManifest.xml:86:17-50
209                    android:host="music.caij.xyz"
209-->src/main/AndroidManifest.xml:165:21-50
210                    android:scheme="puremusic" />
210-->src/main/AndroidManifest.xml:86:23-47
211            </intent-filter>
212        </activity>
213        <activity
213-->src/main/AndroidManifest.xml:169:9-173:47
214            android:name="com.caij.puremusic.activities.LockScreenActivity"
214-->src/main/AndroidManifest.xml:170:13-58
215            android:excludeFromRecents="true"
215-->src/main/AndroidManifest.xml:171:13-46
216            android:launchMode="singleTask"
216-->src/main/AndroidManifest.xml:172:13-44
217            android:showOnLockScreen="true" />
217-->src/main/AndroidManifest.xml:173:13-44
218        <activity
218-->src/main/AndroidManifest.xml:174:9-208:20
219            android:name="com.caij.puremusic.fragments.backup.RestoreActivity"
219-->src/main/AndroidManifest.xml:175:13-61
220            android:excludeFromRecents="false"
220-->src/main/AndroidManifest.xml:176:13-47
221            android:exported="true"
221-->src/main/AndroidManifest.xml:177:13-36
222            android:label="@string/restore"
222-->src/main/AndroidManifest.xml:178:13-44
223            android:theme="@style/Theme.RetroMusic.Dialog" >
223-->src/main/AndroidManifest.xml:179:13-59
224            <intent-filter>
224-->src/main/AndroidManifest.xml:180:13-207:29
225                <action android:name="android.intent.action.VIEW" />
225-->src/main/AndroidManifest.xml:82:17-69
225-->src/main/AndroidManifest.xml:82:25-66
226
227                <category android:name="android.intent.category.DEFAULT" />
227-->src/main/AndroidManifest.xml:74:17-76
227-->src/main/AndroidManifest.xml:74:27-73
228                <category android:name="android.intent.category.BROWSABLE" />
228-->src/main/AndroidManifest.xml:107:17-78
228-->src/main/AndroidManifest.xml:107:27-75
229
230                <data android:mimeType="application/octet-stream" />
230-->src/main/AndroidManifest.xml:86:17-50
230-->src/main/AndroidManifest.xml:87:23-49
231                <data android:mimeType="application/x-zip-compressed" />
231-->src/main/AndroidManifest.xml:86:17-50
231-->src/main/AndroidManifest.xml:87:23-49
232                <data android:mimeType="application/zip" />
232-->src/main/AndroidManifest.xml:86:17-50
232-->src/main/AndroidManifest.xml:87:23-49
233                <data android:scheme="file" />
233-->src/main/AndroidManifest.xml:86:17-50
233-->src/main/AndroidManifest.xml:86:23-47
234                <data android:scheme="content" />
234-->src/main/AndroidManifest.xml:86:17-50
234-->src/main/AndroidManifest.xml:86:23-47
235                <data android:mimeType="*/*" />
235-->src/main/AndroidManifest.xml:86:17-50
235-->src/main/AndroidManifest.xml:87:23-49
236                <!--
237                    Work around Android's ugly primitive PatternMatcher
238                    implementation that can't cope with finding a . early in
239                    the path unless it's explicitly matched.
240                -->
241                <data android:host="*" />
241-->src/main/AndroidManifest.xml:86:17-50
241-->src/main/AndroidManifest.xml:165:21-50
242                <data android:pathPattern=".*\\.rmbak" />
242-->src/main/AndroidManifest.xml:86:17-50
242-->src/main/AndroidManifest.xml:198:23-55
243                <data android:pathPattern=".*\\..*\\.rmbak" />
243-->src/main/AndroidManifest.xml:86:17-50
243-->src/main/AndroidManifest.xml:198:23-55
244                <data android:pathPattern=".*\\..*\\..*\\.rmbak" />
244-->src/main/AndroidManifest.xml:86:17-50
244-->src/main/AndroidManifest.xml:198:23-55
245                <data android:pathPattern=".*\\..*\\..*\\..*\\.rmbak" />
245-->src/main/AndroidManifest.xml:86:17-50
245-->src/main/AndroidManifest.xml:198:23-55
246                <data android:pathPattern=".*\\..*\\..*\\..*\\..*\\.rmbak" />
246-->src/main/AndroidManifest.xml:86:17-50
246-->src/main/AndroidManifest.xml:198:23-55
247                <data android:pathPattern=".*\\..*\\..*\\..*\\..*\\..*\\.rmbak" />
247-->src/main/AndroidManifest.xml:86:17-50
247-->src/main/AndroidManifest.xml:198:23-55
248                <data android:pathPattern=".*\\..*\\..*\\..*\\..*\\..*\\..*\\.rmbak" />
248-->src/main/AndroidManifest.xml:86:17-50
248-->src/main/AndroidManifest.xml:198:23-55
249                <data android:pathPattern=".*\\..*\\..*\\..*\\..*\\..*\\..*\\..*\\.rmbak" />
249-->src/main/AndroidManifest.xml:86:17-50
249-->src/main/AndroidManifest.xml:198:23-55
250                <data android:pathPattern=".*\\..*\\..*\\..*\\..*\\..*\\..*\\..*\\..*\\.rmbak" />
250-->src/main/AndroidManifest.xml:86:17-50
250-->src/main/AndroidManifest.xml:198:23-55
251            </intent-filter>
252        </activity>
253        <activity
253-->src/main/AndroidManifest.xml:209:9-212:75
254            android:name="com.caij.puremusic.appshortcuts.AppShortcutLauncherActivity"
254-->src/main/AndroidManifest.xml:210:13-69
255            android:launchMode="singleInstance"
255-->src/main/AndroidManifest.xml:211:13-48
256            android:theme="@android:style/Theme.Translucent.NoTitleBar" />
256-->src/main/AndroidManifest.xml:212:13-72
257        <activity
257-->src/main/AndroidManifest.xml:213:9-215:50
258            android:name="com.caij.puremusic.activities.saf.SAFGuideActivity"
258-->src/main/AndroidManifest.xml:214:13-60
259            android:theme="@style/Theme.Intro" />
259-->src/main/AndroidManifest.xml:215:13-47
260
261        <provider
262            android:name="androidx.core.content.FileProvider"
262-->src/main/AndroidManifest.xml:218:13-62
263            android:authorities="com.caij.puremusic"
263-->src/main/AndroidManifest.xml:219:13-51
264            android:exported="false"
264-->src/main/AndroidManifest.xml:220:13-37
265            android:grantUriPermissions="true" >
265-->src/main/AndroidManifest.xml:221:13-47
266            <meta-data
266-->src/main/AndroidManifest.xml:222:13-224:58
267                android:name="android.support.FILE_PROVIDER_PATHS"
267-->src/main/AndroidManifest.xml:223:17-67
268                android:resource="@xml/provider_paths" />
268-->src/main/AndroidManifest.xml:224:17-55
269        </provider>
270
271        <receiver
271-->src/main/AndroidManifest.xml:226:9-237:20
272            android:name="com.caij.puremusic.appwidgets.AppWidgetBig"
272-->src/main/AndroidManifest.xml:227:13-52
273            android:exported="false"
273-->src/main/AndroidManifest.xml:228:13-37
274            android:label="@string/app_widget_big_name" >
274-->src/main/AndroidManifest.xml:229:13-56
275            <intent-filter>
275-->src/main/AndroidManifest.xml:230:13-232:29
276                <action android:name="android.appwidget.action.APPWIDGET_UPDATE" />
276-->src/main/AndroidManifest.xml:231:17-84
276-->src/main/AndroidManifest.xml:231:25-81
277            </intent-filter>
278
279            <meta-data
279-->src/main/AndroidManifest.xml:234:13-236:63
280                android:name="android.appwidget.provider"
280-->src/main/AndroidManifest.xml:235:17-58
281                android:resource="@xml/app_widget_big_info" />
281-->src/main/AndroidManifest.xml:236:17-60
282        </receiver>
283        <receiver
283-->src/main/AndroidManifest.xml:238:9-249:20
284            android:name="com.caij.puremusic.appwidgets.AppWidgetClassic"
284-->src/main/AndroidManifest.xml:239:13-56
285            android:exported="false"
285-->src/main/AndroidManifest.xml:240:13-37
286            android:label="@string/app_widget_classic_name" >
286-->src/main/AndroidManifest.xml:241:13-60
287            <intent-filter>
287-->src/main/AndroidManifest.xml:230:13-232:29
288                <action android:name="android.appwidget.action.APPWIDGET_UPDATE" />
288-->src/main/AndroidManifest.xml:231:17-84
288-->src/main/AndroidManifest.xml:231:25-81
289            </intent-filter>
290
291            <meta-data
291-->src/main/AndroidManifest.xml:234:13-236:63
292                android:name="android.appwidget.provider"
292-->src/main/AndroidManifest.xml:235:17-58